<?xml version="1.0" encoding="UTF-8"?>
<!-- Generated by org.testng.reporters.JUnitReportReporter -->
<testsuite skipped="0" hostname="DESKTOP-PreethiAshok" name="com.rest.api.Validate" tests="1" failures="0" timestamp="2023-01-05T12:49:59 IST" time="0.051" errors="0">
  <testcase name="payloadValidate" time="0.051" classname="com.rest.api.Validate"/>
  <system-out/>
</testsuite> <!-- com.rest.api.Validate -->
