<?xml version="1.0" encoding="UTF-8"?>
<!-- Generated by org.testng.reporters.JUnitReportReporter -->
<testsuite skipped="0" hostname="DESKTOP-BJONTHH" name="co.test.in.Demo" tests="6" failures="0" timestamp="2022-12-07T12:43:24 IST" time="0.051" errors="0">
  <testcase name="teamAA" time="0.010" classname="co.test.in.Demo"/>
  <system-out/>
  <testcase name="teamB" time="0.003" classname="co.test.in.Demo"/>
  <system-out/>
  <testcase name="teamA" time="0.022" classname="co.test.in.Demo"/>
  <system-out/>
  <testcase name="teamAC" time="0.011" classname="co.test.in.Demo"/>
  <system-out/>
  <testcase name="teamC" time="0.002" classname="co.test.in.Demo"/>
  <system-out/>
  <testcase name="teamAB" time="0.003" classname="co.test.in.Demo"/>
  <system-out/>
</testsuite> <!-- co.test.in.Demo -->
