<?xml version="1.0" encoding="UTF-8"?>
<!-- Generated by org.testng.reporters.JUnitReportReporter -->
<testsuite skipped="0" hostname="DESKTOP-BJONTHH" name="com.rest.api.ValidationA" tests="1" failures="0" timestamp="2022-12-14T19:03:35 IST" time="0.038" errors="0">
  <testcase name="jsonReader" time="0.038" classname="com.rest.api.ValidationA"/>
  <system-out/>
</testsuite> <!-- com.rest.api.ValidationA -->
