<?xml version="1.0" encoding="UTF-8"?>
<!-- Generated by org.testng.reporters.JUnitReportReporter -->
<testsuite skipped="0" hostname="DESKTOP-BJONTHH" name="co.test.in.AssertHard" tests="1" failures="0" timestamp="2022-12-08T13:04:11 IST" time="0.018" errors="0">
  <testcase name="data" time="0.018" classname="co.test.in.AssertHard"/>
  <system-out/>
</testsuite> <!-- co.test.in.AssertHard -->
