<?xml version="1.0" encoding="UTF-8"?>
<!-- Generated by org.testng.reporters.JUnitReportReporter -->
<testsuite skipped="0" hostname="DESKTOP-PreethiAshok" name="com.rest.api.ReqResA" tests="1" failures="0" timestamp="2023-01-05T12:40:12 IST" time="5.295" errors="0">
  <testcase name="getA" time="5.295" classname="com.rest.api.ReqResA"/>
  <system-out/>
</testsuite> <!-- com.rest.api.ReqResA -->
