<?xml version="1.0" encoding="UTF-8"?>
<!-- Generated by org.testng.reporters.JUnitReportReporter -->
<testsuite skipped="0" hostname="DESKTOP-PreethiAshok" name="com.TestNG.ParallelDemo" tests="2" failures="0" timestamp="2023-02-04T11:55:48 IST" time="11.395" errors="0">
  <testcase name="chromeA" time="6.979" classname="com.TestNG.ParallelDemo"/>
  <system-out/>
  <testcase name="chromeB" time="4.416" classname="com.TestNG.ParallelDemo"/>
  <system-out/>
</testsuite> <!-- com.TestNG.ParallelDemo -->
