<?xml version="1.0" encoding="UTF-8"?>
<!-- Generated by org.testng.reporters.JUnitReportReporter -->
<testsuite skipped="0" hostname="DESKTOP-BJONTHH" name="co.test.in.SleepData" tests="1" failures="0" timestamp="2022-12-07T13:00:14 IST" time="0.013" errors="0">
  <testcase name="openBrowser" time="0.013" classname="co.test.in.SleepData"/>
  <system-out/>
</testsuite> <!-- co.test.in.SleepData -->
