<?xml version="1.0" encoding="UTF-8"?>
<!-- Generated by org.testng.reporters.JUnitReportReporter -->
<testsuite skipped="0" hostname="DESKTOP-PreethiAshok" name="com.rest.api.Reqres" tests="1" failures="0" timestamp="2023-01-05T12:42:27 IST" time="5.297" errors="0">
  <testcase name="response_Body" time="5.297" classname="com.rest.api.Reqres"/>
  <system-out/>
</testsuite> <!-- com.rest.api.Reqres -->
