<?xml version="1.0" encoding="UTF-8"?>
<!-- Generated by org.testng.reporters.JUnitReportReporter -->
<testsuite skipped="0" hostname="DESKTOP-BJONTHH" name="com.restapi.api.RequestResponse" tests="1" failures="0" timestamp="2022-12-26T08:25:56 IST" time="5.732" errors="0">
  <testcase name="response_Body" time="5.732" classname="com.restapi.api.RequestResponse"/>
  <system-out/>
</testsuite> <!-- com.restapi.api.RequestResponse -->
