<?xml version="1.0" encoding="UTF-8"?>
<!-- Generated by org.testng.reporters.JUnitReportReporter -->
<testsuite skipped="0" hostname="DESKTOP-BJONTHH" name="co.test.in.DataDemo" tests="2" failures="0" timestamp="2022-12-08T12:28:47 IST" time="0.045" errors="0">
  <testcase name="userdata" time="0.017" classname="co.test.in.DataDemo"/>
  <system-out/>
  <testcase name="userdata" time="0.028" classname="co.test.in.DataDemo"/>
  <system-out/>
</testsuite> <!-- co.test.in.DataDemo -->
