<?xml version="1.0" encoding="UTF-8"?>
<!-- Generated by org.testng.reporters.JUnitReportReporter -->
<testsuite skipped="0" hostname="DESKTOP-PreethiAshok" name="co.test.in.UserData" tests="2" failures="0" timestamp="2023-01-03T15:43:23 IST" time="0.038" errors="0">
  <testcase name="userPassword" time="0.011" classname="co.test.in.UserData"/>
  <system-out/>
  <testcase name="userName" time="0.027" classname="co.test.in.UserData"/>
  <system-out/>
</testsuite> <!-- co.test.in.UserData -->
