<?xml version="1.0" encoding="UTF-8"?>
<!-- Generated by org.testng.reporters.JUnitReportReporter -->
<testsuite skipped="0" hostname="DESKTOP-PreethiAshok" name="com.TestNG.Demo" tests="1" failures="0" timestamp="2023-01-03T15:40:35 IST" time="2.039" errors="0">
  <testcase name="red" time="2.039" classname="com.TestNG.Demo"/>
  <system-out/>
</testsuite> <!-- com.TestNG.Demo -->
