<?xml version="1.0" encoding="UTF-8"?>
<!-- Generated by org.testng.reporters.JUnitReportReporter -->
<testsuite skipped="0" hostname="DESKTOP-BJONTHH" name="com.restapi.api.Validation" tests="1" failures="0" timestamp="2022-12-27T08:02:03 IST" time="0.034" errors="0">
  <testcase name="jsonReader" time="0.034" classname="com.restapi.api.Validation"/>
  <system-out/>
</testsuite> <!-- com.restapi.api.Validation -->
