<?xml version="1.0" encoding="UTF-8"?>
<!-- Generated by org.testng.reporters.JUnitReportReporter -->
<testsuite skipped="0" hostname="DESKTOP-BJONTHH" name="com.TestNG.Selection" tests="2" failures="0" timestamp="2022-12-01T18:26:23 IST" time="0.025" errors="0">
  <testcase name="login" time="0.017" classname="com.TestNG.Selection"/>
  <system-out/>
  <testcase name="login" time="0.008" classname="com.TestNG.Selection"/>
  <system-out/>
</testsuite> <!-- com.TestNG.Selection -->
